1512841223.485092 client started (84668): version 2.6, socket /private/tmp/tmux-501/default, protocol 8
1512841223.485159 on Darwin 17.2.0 Darwin Kernel Version 17.2.0: Fri Sep 29 18:27:05 PDT 2017; root:xnu-4570.20.62~3/RELEASE_X86_64; libevent 2.1.8-stable (select)
1512841223.485227 socket is /private/tmp/tmux-501/default
1512841223.485259 trying connect
1512841223.485393 add peer 0x7fa0dc001000: 7 (0x0)
1512841223.490844 sending message 100 to peer 0x7fa0dc001000 (4 bytes)
1512841223.490890 sending message 101 to peer 0x7fa0dc001000 (15 bytes)
1512841223.490903 sending message 102 to peer 0x7fa0dc001000 (13 bytes)
1512841223.490917 sending message 108 to peer 0x7fa0dc001000 (49 bytes)
1512841223.490948 sending message 104 to peer 0x7fa0dc001000 (0 bytes)
1512841223.490959 sending message 107 to peer 0x7fa0dc001000 (4 bytes)
1512841223.490969 sending message 105 to peer 0x7fa0dc001000 (76 bytes)
1512841223.490980 sending message 105 to peer 0x7fa0dc001000 (13 bytes)
1512841223.490990 sending message 105 to peer 0x7fa0dc001000 (15 bytes)
1512841223.491000 sending message 105 to peer 0x7fa0dc001000 (20 bytes)
1512841223.491010 sending message 105 to peer 0x7fa0dc001000 (75 bytes)
1512841223.491020 sending message 105 to peer 0x7fa0dc001000 (11 bytes)
1512841223.491031 sending message 105 to peer 0x7fa0dc001000 (39 bytes)
1512841223.491041 sending message 105 to peer 0x7fa0dc001000 (76 bytes)
1512841223.491051 sending message 105 to peer 0x7fa0dc001000 (17 bytes)
1512841223.491060 sending message 105 to peer 0x7fa0dc001000 (21 bytes)
1512841223.491070 sending message 105 to peer 0x7fa0dc001000 (36 bytes)
1512841223.491081 sending message 105 to peer 0x7fa0dc001000 (45 bytes)
1512841223.491091 sending message 105 to peer 0x7fa0dc001000 (28 bytes)
1512841223.491101 sending message 105 to peer 0x7fa0dc001000 (61 bytes)
1512841223.491111 sending message 105 to peer 0x7fa0dc001000 (17 bytes)
1512841223.491121 sending message 105 to peer 0x7fa0dc001000 (15 bytes)
1512841223.491131 sending message 105 to peer 0x7fa0dc001000 (34 bytes)
1512841223.491142 sending message 105 to peer 0x7fa0dc001000 (25 bytes)
1512841223.491151 sending message 105 to peer 0x7fa0dc001000 (25 bytes)
1512841223.491161 sending message 105 to peer 0x7fa0dc001000 (21 bytes)
1512841223.491171 sending message 105 to peer 0x7fa0dc001000 (21 bytes)
1512841223.491180 sending message 105 to peer 0x7fa0dc001000 (28 bytes)
1512841223.491190 sending message 105 to peer 0x7fa0dc001000 (21 bytes)
1512841223.491199 sending message 105 to peer 0x7fa0dc001000 (25 bytes)
1512841223.491209 sending message 105 to peer 0x7fa0dc001000 (17 bytes)
1512841223.491219 sending message 105 to peer 0x7fa0dc001000 (32 bytes)
1512841223.491233 sending message 105 to peer 0x7fa0dc001000 (107 bytes)
1512841223.491244 sending message 105 to peer 0x7fa0dc001000 (45 bytes)
1512841223.491254 sending message 105 to peer 0x7fa0dc001000 (48 bytes)
1512841223.491262 sending message 105 to peer 0x7fa0dc001000 (11 bytes)
1512841223.491270 sending message 105 to peer 0x7fa0dc001000 (348 bytes)
1512841223.491279 sending message 105 to peer 0x7fa0dc001000 (53 bytes)
1512841223.491288 sending message 105 to peer 0x7fa0dc001000 (24 bytes)
1512841223.491297 sending message 105 to peer 0x7fa0dc001000 (15 bytes)
1512841223.491306 sending message 105 to peer 0x7fa0dc001000 (8 bytes)
1512841223.491315 sending message 105 to peer 0x7fa0dc001000 (66 bytes)
1512841223.491324 sending message 105 to peer 0x7fa0dc001000 (20 bytes)
1512841223.491333 sending message 105 to peer 0x7fa0dc001000 (23 bytes)
1512841223.491343 sending message 105 to peer 0x7fa0dc001000 (27 bytes)
1512841223.491352 sending message 105 to peer 0x7fa0dc001000 (60 bytes)
1512841223.491361 sending message 105 to peer 0x7fa0dc001000 (57 bytes)
1512841223.491369 sending message 105 to peer 0x7fa0dc001000 (43 bytes)
1512841223.491377 sending message 105 to peer 0x7fa0dc001000 (14 bytes)
1512841223.491386 sending message 105 to peer 0x7fa0dc001000 (71 bytes)
1512841223.491396 sending message 105 to peer 0x7fa0dc001000 (14 bytes)
1512841223.491405 sending message 105 to peer 0x7fa0dc001000 (12 bytes)
1512841223.491436 sending message 105 to peer 0x7fa0dc001000 (14 bytes)
1512841223.491446 sending message 105 to peer 0x7fa0dc001000 (19 bytes)
1512841223.491455 sending message 105 to peer 0x7fa0dc001000 (32 bytes)
1512841223.491464 sending message 105 to peer 0x7fa0dc001000 (20 bytes)
1512841223.491474 sending message 105 to peer 0x7fa0dc001000 (14 bytes)
1512841223.491482 sending message 105 to peer 0x7fa0dc001000 (31 bytes)
1512841223.491489 sending message 105 to peer 0x7fa0dc001000 (15 bytes)
1512841223.491496 sending message 105 to peer 0x7fa0dc001000 (27 bytes)
1512841223.491504 sending message 105 to peer 0x7fa0dc001000 (18 bytes)
1512841223.491513 sending message 105 to peer 0x7fa0dc001000 (14 bytes)
1512841223.491521 sending message 105 to peer 0x7fa0dc001000 (18 bytes)
1512841223.491530 sending message 105 to peer 0x7fa0dc001000 (20 bytes)
1512841223.491538 sending message 105 to peer 0x7fa0dc001000 (23 bytes)
1512841223.491551 sending message 105 to peer 0x7fa0dc001000 (13 bytes)
1512841223.491560 sending message 105 to peer 0x7fa0dc001000 (23 bytes)
1512841223.491568 sending message 105 to peer 0x7fa0dc001000 (11 bytes)
1512841223.491576 sending message 105 to peer 0x7fa0dc001000 (16 bytes)
1512841223.491584 sending message 105 to peer 0x7fa0dc001000 (15 bytes)
1512841223.491592 sending message 105 to peer 0x7fa0dc001000 (15 bytes)
1512841223.491600 sending message 105 to peer 0x7fa0dc001000 (15 bytes)
1512841223.491608 sending message 105 to peer 0x7fa0dc001000 (23 bytes)
1512841223.491616 sending message 105 to peer 0x7fa0dc001000 (15 bytes)
1512841223.491624 sending message 105 to peer 0x7fa0dc001000 (17 bytes)
1512841223.491632 sending message 105 to peer 0x7fa0dc001000 (9 bytes)
1512841223.491640 sending message 105 to peer 0x7fa0dc001000 (17 bytes)
1512841223.491648 sending message 105 to peer 0x7fa0dc001000 (14 bytes)
1512841223.491657 sending message 105 to peer 0x7fa0dc001000 (28 bytes)
1512841223.491666 sending message 105 to peer 0x7fa0dc001000 (18 bytes)
1512841223.491675 sending message 105 to peer 0x7fa0dc001000 (44 bytes)
1512841223.491683 sending message 105 to peer 0x7fa0dc001000 (20 bytes)
1512841223.491692 sending message 105 to peer 0x7fa0dc001000 (17 bytes)
1512841223.491700 sending message 105 to peer 0x7fa0dc001000 (22 bytes)
1512841223.491709 sending message 105 to peer 0x7fa0dc001000 (20 bytes)
1512841223.491718 sending message 105 to peer 0x7fa0dc001000 (10 bytes)
1512841223.491726 sending message 105 to peer 0x7fa0dc001000 (22 bytes)
1512841223.491735 sending message 105 to peer 0x7fa0dc001000 (17 bytes)
1512841223.491745 sending message 105 to peer 0x7fa0dc001000 (15 bytes)
1512841223.491754 sending message 106 to peer 0x7fa0dc001000 (0 bytes)
1512841223.491769 sending message 200 to peer 0x7fa0dc001000 (4 bytes)
1512841223.491779 client loop enter
1512841223.495387 peer 0x7fa0dc001000 message 211
1512841223.495433 peer 0x7fa0dc001000 message 203
1512841223.495444 client loop exit
